Determining if the pthread_create exist failed with the following output:
Change Dir: /home/benjamin/dev/ben/oc_cours/Activite3bis/cmake-build-debug/CMakeFiles/CMakeTmp

Run Build Command:"/usr/bin/make" "cmTC_f2cb2/fast"
/usr/bin/make -f CMakeFiles/cmTC_f2cb2.dir/build.make CMakeFiles/cmTC_f2cb2.dir/build
make[1] : on entre dans le répertoire « /home/benjamin/dev/ben/oc_cours/Activite3bis/cmake-build-debug/CMakeFiles/CMakeTmp »
Building C object CMakeFiles/cmTC_f2cb2.dir/CheckSymbolExists.c.o
/usr/bin/cc     -o CMakeFiles/cmTC_f2cb2.dir/CheckSymbolExists.c.o   -c /home/benjamin/dev/ben/oc_cours/Activite3bis/cmake-build-debug/CMakeFiles/CMakeTmp/CheckSymbolExists.c
Linking C executable cmTC_f2cb2
/home/benjamin/progs/clion-2016.3.2/bin/cmake/bin/cmake -E cmake_link_script CMakeFiles/cmTC_f2cb2.dir/link.txt --verbose=1
/usr/bin/cc       CMakeFiles/cmTC_f2cb2.dir/CheckSymbolExists.c.o  -o cmTC_f2cb2 
CMakeFiles/cmTC_f2cb2.dir/CheckSymbolExists.c.o : Dans la fonction « main » :
CheckSymbolExists.c:(.text+0x16) : référence indéfinie vers « pthread_create »
collect2: error: ld returned 1 exit status
CMakeFiles/cmTC_f2cb2.dir/build.make:97 : la recette pour la cible « cmTC_f2cb2 » a échouée
make[1]: *** [cmTC_f2cb2] Erreur 1
make[1] : on quitte le répertoire « /home/benjamin/dev/ben/oc_cours/Activite3bis/cmake-build-debug/CMakeFiles/CMakeTmp »
Makefile:126 : la recette pour la cible « cmTC_f2cb2/fast » a échouée
make: *** [cmTC_f2cb2/fast] Erreur 2

File /home/benjamin/dev/ben/oc_cours/Activite3bis/cmake-build-debug/CMakeFiles/CMakeTmp/CheckSymbolExists.c:
/* */
#include <pthread.h>

int main(int argc, char** argv)
{
  (void)argv;
#ifndef pthread_create
  return ((int*)(&pthread_create))[argc];
#else
  (void)argc;
  return 0;
#endif
}

Determining if the function pthread_create exists in the pthreads failed with the following output:
Change Dir: /home/benjamin/dev/ben/oc_cours/Activite3bis/cmake-build-debug/CMakeFiles/CMakeTmp

Run Build Command:"/usr/bin/make" "cmTC_f68de/fast"
/usr/bin/make -f CMakeFiles/cmTC_f68de.dir/build.make CMakeFiles/cmTC_f68de.dir/build
make[1] : on entre dans le répertoire « /home/benjamin/dev/ben/oc_cours/Activite3bis/cmake-build-debug/CMakeFiles/CMakeTmp »
Building C object CMakeFiles/cmTC_f68de.dir/CheckFunctionExists.c.o
/usr/bin/cc    -DCHECK_FUNCTION_EXISTS=pthread_create   -o CMakeFiles/cmTC_f68de.dir/CheckFunctionExists.c.o   -c /home/benjamin/progs/clion-2016.3.2/bin/cmake/share/cmake-3.6/Modules/CheckFunctionExists.c
Linking C executable cmTC_f68de
/home/benjamin/progs/clion-2016.3.2/bin/cmake/bin/cmake -E cmake_link_script CMakeFiles/cmTC_f68de.dir/link.txt --verbose=1
/usr/bin/cc   -DCHECK_FUNCTION_EXISTS=pthread_create    CMakeFiles/cmTC_f68de.dir/CheckFunctionExists.c.o  -o cmTC_f68de -lpthreads 
/usr/bin/ld : ne peut trouver -lpthreads
collect2: error: ld returned 1 exit status
CMakeFiles/cmTC_f68de.dir/build.make:97 : la recette pour la cible « cmTC_f68de » a échouée
make[1]: *** [cmTC_f68de] Erreur 1
make[1] : on quitte le répertoire « /home/benjamin/dev/ben/oc_cours/Activite3bis/cmake-build-debug/CMakeFiles/CMakeTmp »
Makefile:126 : la recette pour la cible « cmTC_f68de/fast » a échouée
make: *** [cmTC_f68de/fast] Erreur 2


